Traceback (most recent call last):
  File "main.py", line 161, in loginfunc
  File "main.py", line 262, in login
  File "urllib2.pyo", line 127, in urlopen
  File "urllib2.pyo", line 404, in open
  File "urllib2.pyo", line 422, in _open
  File "urllib2.pyo", line 382, in _call_chain
  File "urllib2.pyo", line 1214, in http_open
  File "urllib2.pyo", line 1187, in do_open
  File "httplib.pyo", line 1067, in getresponse
  File "httplib.pyo", line 409, in begin
  File "httplib.pyo", line 365, in _read_status
  File "socket.pyo", line 476, in readline
socket.error: [Errno 10054] 
Traceback (most recent call last):
  File "main.py", line 178, in loginfunc
  File "main.py", line 331, in search_info
NameError: global name 'timeout' is not defined
Traceback (most recent call last):
  File "main.py", line 178, in loginfunc
  File "main.py", line 331, in search_info
NameError: global name 'timeout' is not defined
